2025-01-16T00:39:47.525+0530 [main] INFO  o.s.c.c.c.ConfigServicePropertySourceLocator - Fetching config from server at : http://localhost:9296
2025-01-16T00:39:48.564+0530 [main] INFO  o.s.c.c.c.ConfigServicePropertySourceLocator - Located environment: name=quiz-service, profiles=[default], label=null, version=541caaf63ef84990b1f2d230fa8bf176fa3fbf68, state=null
2025-01-16T00:39:48.566+0530 [main] INFO  o.s.c.b.c.PropertySourceBootstrapConfiguration - Located property source: [BootstrapPropertySource {name='bootstrapProperties-configClient'}, BootstrapPropertySource {name='bootstrapProperties-https://github.com/nikki00011/config-server/application.yml'}]
2025-01-16T00:39:48.580+0530 [main] INFO  c.e.q.QuizServiceApplication - No active profile set, falling back to 1 default profile: "default"
2025-01-16T00:39:49.353+0530 [main] INFO  o.s.d.r.c.RepositoryConfigurationDelegate - Bootstrapping Spring Data JPA repositories in DEFAULT mode.
2025-01-16T00:39:49.475+0530 [main] INFO  o.s.d.r.c.RepositoryConfigurationDelegate - Finished Spring Data repository scanning in 114 ms. Found 1 JPA repository interface.
2025-01-16T00:39:49.721+0530 [main] INFO  o.s.cloud.context.scope.GenericScope - BeanFactory id=17b9b775-909c-3a99-a89b-061256737992
2025-01-16T00:39:49.824+0530 [main] WARN  o.s.c.s.PostProcessorRegistrationDelegate$BeanPostProcessorChecker - Bean 'org.springframework.cloud.client.loadbalancer.LoadBalancerAutoConfiguration$DeferringLoadBalancerInterceptorConfig' of type [org.springframework.cloud.client.loadbalancer.LoadBalancerAutoConfiguration$DeferringLoadBalancerInterceptorConfig] is not eligible for getting processed by all BeanPostProcessors (for example: not eligible for auto-proxying). The currently created BeanPostProcessor [lbRestClientPostProcessor] is declared through a non-static factory method on that class; consider declaring it as static instead.
2025-01-16T00:39:49.826+0530 [main] WARN  o.s.c.s.PostProcessorRegistrationDelegate$BeanPostProcessorChecker - Bean 'deferringLoadBalancerInterceptor' of type [org.springframework.cloud.client.loadbalancer.DeferringLoadBalancerInterceptor] is not eligible for getting processed by all BeanPostProcessors (for example: not eligible for auto-proxying). Is this bean getting eagerly injected into a currently created BeanPostProcessor [lbRestClientPostProcessor]? Check the corresponding BeanPostProcessor declaration and its dependencies.
2025-01-16T00:39:50.062+0530 [main] INFO  o.s.b.w.e.tomcat.TomcatWebServer - Tomcat initialized with port 8090 (http)
2025-01-16T00:39:50.083+0530 [main] INFO  o.a.coyote.http11.Http11NioProtocol - Initializing ProtocolHandler ["http-nio-8090"]
2025-01-16T00:39:50.085+0530 [main] INFO  o.a.catalina.core.StandardService - Starting service [Tomcat]
2025-01-16T00:39:50.086+0530 [main] INFO  o.a.catalina.core.StandardEngine - Starting Servlet engine: [Apache Tomcat/10.1.19]
2025-01-16T00:39:50.133+0530 [main] INFO  o.a.c.c.C.[Tomcat].[localhost].[/] - Initializing Spring embedded WebApplicationContext
2025-01-16T00:39:50.134+0530 [main] INFO  o.s.b.w.s.c.ServletWebServerApplicationContext - Root WebApplicationContext: initialization completed in 1508 ms
2025-01-16T00:39:50.280+0530 [main] INFO  o.h.jpa.internal.util.LogHelper - HHH000204: Processing PersistenceUnitInfo [name: default]
2025-01-16T00:39:50.355+0530 [main] INFO  org.hibernate.Version - HHH000412: Hibernate ORM core version 6.4.4.Final
2025-01-16T00:39:50.387+0530 [main] INFO  o.h.c.i.RegionFactoryInitiator - HHH000026: Second-level cache disabled
2025-01-16T00:39:50.614+0530 [main] INFO  o.s.o.j.p.SpringPersistenceUnitInfo - No LoadTimeWeaver setup: ignoring JPA class transformer
2025-01-16T00:39:50.641+0530 [main] INFO  com.zaxxer.hikari.HikariDataSource - HikariPool-1 - Starting...
2025-01-16T00:39:51.005+0530 [main] INFO  com.zaxxer.hikari.pool.HikariPool - HikariPool-1 - Added connection com.mysql.cj.jdbc.ConnectionImpl@2697c156
2025-01-16T00:39:51.007+0530 [main] INFO  com.zaxxer.hikari.HikariDataSource - HikariPool-1 - Start completed.
2025-01-16T00:39:51.064+0530 [main] WARN  org.hibernate.orm.deprecation - HHH90000025: MySQLDialect does not need to be specified explicitly using 'hibernate.dialect' (remove the property setting and it will be selected by default)
2025-01-16T00:39:51.979+0530 [main] INFO  o.h.e.t.j.p.i.JtaPlatformInitiator - HHH000489: No JTA platform available (set 'hibernate.transaction.jta.platform' to enable JTA platform integration)
2025-01-16T00:39:52.052+0530 [main] INFO  o.s.o.j.LocalContainerEntityManagerFactoryBean - Initialized JPA EntityManagerFactory for persistence unit 'default'
2025-01-16T00:39:52.355+0530 [main] WARN  o.s.b.a.o.j.JpaBaseConfiguration$JpaWebConfiguration - spring.jpa.open-in-view is enabled by default. Therefore, database queries may be performed during view rendering. Explicitly configure spring.jpa.open-in-view to disable this warning
2025-01-16T00:39:52.510+0530 [main] INFO  o.s.c.o.FeignClientFactoryBean - For 'QUESTION-SERVICE' URL not provided. Will try picking an instance via load-balancing.
2025-01-16T00:39:53.086+0530 [main] INFO  o.s.c.n.e.c.DiscoveryClientOptionalArgsConfiguration - Eureka HTTP Client uses RestTemplate.
2025-01-16T00:39:53.112+0530 [main] WARN  o.s.c.l.c.LoadBalancerCacheAutoConfiguration$LoadBalancerCaffeineWarnLogger - Spring Cloud LoadBalancer is currently working with the default cache. While this cache implementation is useful for development and tests, it's recommended to use Caffeine cache in production.You can switch to using Caffeine cache, by adding it and org.springframework.cache.caffeine.CaffeineCacheManager to the classpath.
2025-01-16T00:39:53.173+0530 [main] INFO  o.s.c.n.eureka.InstanceInfoFactory - Setting initial instance status as: STARTING
2025-01-16T00:39:53.208+0530 [main] INFO  c.netflix.discovery.DiscoveryClient - Initializing Eureka in region us-east-1
2025-01-16T00:39:53.212+0530 [main] INFO  c.n.d.s.r.aws.ConfigClusterResolver - Resolving eureka endpoints via configuration
2025-01-16T00:39:53.233+0530 [main] INFO  c.netflix.discovery.DiscoveryClient - Disable delta property : false
2025-01-16T00:39:53.233+0530 [main] INFO  c.netflix.discovery.DiscoveryClient - Single vip registry refresh property : null
2025-01-16T00:39:53.233+0530 [main] INFO  c.netflix.discovery.DiscoveryClient - Force full registry fetch : false
2025-01-16T00:39:53.233+0530 [main] INFO  c.netflix.discovery.DiscoveryClient - Application is null : false
2025-01-16T00:39:53.234+0530 [main] INFO  c.netflix.discovery.DiscoveryClient - Registered Applications size is zero : true
2025-01-16T00:39:53.234+0530 [main] INFO  c.netflix.discovery.DiscoveryClient - Application version is -1: true
2025-01-16T00:39:53.234+0530 [main] INFO  c.netflix.discovery.DiscoveryClient - Getting all instance registry info from the eureka server
2025-01-16T00:39:53.497+0530 [main] INFO  c.netflix.discovery.DiscoveryClient - The response status is 200
2025-01-16T00:39:53.499+0530 [main] INFO  c.netflix.discovery.DiscoveryClient - Starting heartbeat executor: renew interval is: 30
2025-01-16T00:39:53.502+0530 [main] INFO  c.n.discovery.InstanceInfoReplicator - InstanceInfoReplicator onDemand update allowed rate per min is 4
2025-01-16T00:39:53.508+0530 [main] INFO  c.netflix.discovery.DiscoveryClient - Discovery Client initialized at timestamp 1736968193507 with initial instances count: 1
2025-01-16T00:39:53.511+0530 [main] INFO  o.s.c.n.e.s.EurekaServiceRegistry - Registering application QUIZ-SERVICE with eureka with status UP
2025-01-16T00:39:53.511+0530 [main] INFO  c.netflix.discovery.DiscoveryClient - Saw local status change event StatusChangeEvent [timestamp=1736968193511, current=UP, previous=STARTING]
2025-01-16T00:39:53.513+0530 [DiscoveryClient-InstanceInfoReplicator-0] INFO  c.netflix.discovery.DiscoveryClient - DiscoveryClient_QUIZ-SERVICE/172.16.233.116:quiz-service:8090: registering service...
2025-01-16T00:39:53.513+0530 [main] INFO  o.a.coyote.http11.Http11NioProtocol - Starting ProtocolHandler ["http-nio-8090"]
2025-01-16T00:39:53.538+0530 [main] INFO  o.s.b.w.e.tomcat.TomcatWebServer - Tomcat started on port 8090 (http) with context path ''
2025-01-16T00:39:53.539+0530 [main] INFO  o.s.c.n.e.s.EurekaAutoServiceRegistration - Updating port to 8090
2025-01-16T00:39:53.565+0530 [DiscoveryClient-InstanceInfoReplicator-0] INFO  c.netflix.discovery.DiscoveryClient - DiscoveryClient_QUIZ-SERVICE/172.16.233.116:quiz-service:8090 - registration status: 204
2025-01-16T00:39:53.579+0530 [main] INFO  c.e.q.QuizServiceApplication - Started QuizServiceApplication in 7.021 seconds (process running for 9.245)
2025-01-16T00:44:53.236+0530 [AsyncResolver-bootstrap-executor-0] INFO  c.n.d.s.r.aws.ConfigClusterResolver - Resolving eureka endpoints via configuration
2025-01-16T00:49:53.237+0530 [AsyncResolver-bootstrap-executor-0] INFO  c.n.d.s.r.aws.ConfigClusterResolver - Resolving eureka endpoints via configuration
2025-01-16T00:54:53.238+0530 [AsyncResolver-bootstrap-executor-0] INFO  c.n.d.s.r.aws.ConfigClusterResolver - Resolving eureka endpoints via configuration
2025-01-16T00:59:53.239+0530 [AsyncResolver-bootstrap-executor-0] INFO  c.n.d.s.r.aws.ConfigClusterResolver - Resolving eureka endpoints via configuration
2025-01-16T01:04:53.240+0530 [AsyncResolver-bootstrap-executor-0] INFO  c.n.d.s.r.aws.ConfigClusterResolver - Resolving eureka endpoints via configuration
