2025-01-16T00:05:07.526+0530 [main] INFO  o.s.c.c.c.ConfigServicePropertySourceLocator - Fetching config from server at : http://localhost:9296
2025-01-16T00:05:07.618+0530 [main] INFO  o.s.c.c.c.ConfigServicePropertySourceLocator - Exception on Url - http://localhost:9296:org.springframework.web.client.ResourceAccessException: I/O error on GET request for "http://localhost:9296/contribute-service/default": Connection refused. Will be trying the next url if available
2025-01-16T00:05:07.619+0530 [main] WARN  o.s.c.c.c.ConfigServicePropertySourceLocator - Could not locate PropertySource: I/O error on GET request for "http://localhost:9296/contribute-service/default": Connection refused
2025-01-16T00:05:07.622+0530 [main] INFO  c.e.c.ContributeServiceApplication - No active profile set, falling back to 1 default profile: "default"
2025-01-16T00:05:08.160+0530 [main] INFO  o.s.d.r.c.RepositoryConfigurationDelegate - Bootstrapping Spring Data JPA repositories in DEFAULT mode.
2025-01-16T00:05:08.269+0530 [main] INFO  o.s.d.r.c.RepositoryConfigurationDelegate - Finished Spring Data repository scanning in 102 ms. Found 2 JPA repository interfaces.
2025-01-16T00:05:08.510+0530 [main] INFO  o.s.cloud.context.scope.GenericScope - BeanFactory id=b5506199-2b5e-3323-a8d1-b8de2df7f7bd
2025-01-16T00:05:08.605+0530 [main] WARN  o.s.c.s.PostProcessorRegistrationDelegate$BeanPostProcessorChecker - Bean 'org.springframework.cloud.client.loadbalancer.LoadBalancerAutoConfiguration$DeferringLoadBalancerInterceptorConfig' of type [org.springframework.cloud.client.loadbalancer.LoadBalancerAutoConfiguration$DeferringLoadBalancerInterceptorConfig] is not eligible for getting processed by all BeanPostProcessors (for example: not eligible for auto-proxying). The currently created BeanPostProcessor [lbRestClientPostProcessor] is declared through a non-static factory method on that class; consider declaring it as static instead.
2025-01-16T00:05:08.607+0530 [main] WARN  o.s.c.s.PostProcessorRegistrationDelegate$BeanPostProcessorChecker - Bean 'deferringLoadBalancerInterceptor' of type [org.springframework.cloud.client.loadbalancer.DeferringLoadBalancerInterceptor] is not eligible for getting processed by all BeanPostProcessors (for example: not eligible for auto-proxying). Is this bean getting eagerly injected into a currently created BeanPostProcessor [lbRestClientPostProcessor]? Check the corresponding BeanPostProcessor declaration and its dependencies.
2025-01-16T00:05:08.801+0530 [main] INFO  o.s.b.w.e.tomcat.TomcatWebServer - Tomcat initialized with port 8080 (http)
2025-01-16T00:05:08.811+0530 [main] INFO  o.a.coyote.http11.Http11NioProtocol - Initializing ProtocolHandler ["http-nio-8080"]
2025-01-16T00:05:08.813+0530 [main] INFO  o.a.catalina.core.StandardService - Starting service [Tomcat]
2025-01-16T00:05:08.813+0530 [main] INFO  o.a.catalina.core.StandardEngine - Starting Servlet engine: [Apache Tomcat/10.1.19]
2025-01-16T00:05:08.873+0530 [main] INFO  o.a.c.c.C.[Tomcat].[localhost].[/] - Initializing Spring embedded WebApplicationContext
2025-01-16T00:05:08.873+0530 [main] INFO  o.s.b.w.s.c.ServletWebServerApplicationContext - Root WebApplicationContext: initialization completed in 1236 ms
2025-01-16T00:05:09.029+0530 [main] INFO  o.h.jpa.internal.util.LogHelper - HHH000204: Processing PersistenceUnitInfo [name: default]
2025-01-16T00:05:09.092+0530 [main] INFO  org.hibernate.Version - HHH000412: Hibernate ORM core version 6.4.4.Final
2025-01-16T00:05:09.126+0530 [main] INFO  o.h.c.i.RegionFactoryInitiator - HHH000026: Second-level cache disabled
2025-01-16T00:05:09.328+0530 [main] INFO  o.s.o.j.p.SpringPersistenceUnitInfo - No LoadTimeWeaver setup: ignoring JPA class transformer
2025-01-16T00:05:09.354+0530 [main] INFO  com.zaxxer.hikari.HikariDataSource - HikariPool-1 - Starting...
2025-01-16T00:05:09.710+0530 [main] INFO  com.zaxxer.hikari.pool.HikariPool - HikariPool-1 - Added connection com.mysql.cj.jdbc.ConnectionImpl@62c47480
2025-01-16T00:05:09.712+0530 [main] INFO  com.zaxxer.hikari.HikariDataSource - HikariPool-1 - Start completed.
2025-01-16T00:05:09.767+0530 [main] WARN  org.hibernate.orm.deprecation - HHH90000025: MySQLDialect does not need to be specified explicitly using 'hibernate.dialect' (remove the property setting and it will be selected by default)
2025-01-16T00:05:10.436+0530 [main] INFO  o.h.m.i.EntityInstantiatorPojoStandard - HHH000182: No default (no-argument) constructor for class: com.example.contributeservice.model.Question (class must be instantiated by Interceptor)
2025-01-16T00:05:10.627+0530 [main] INFO  o.h.e.t.j.p.i.JtaPlatformInitiator - HHH000489: No JTA platform available (set 'hibernate.transaction.jta.platform' to enable JTA platform integration)
2025-01-16T00:05:10.685+0530 [main] INFO  o.s.o.j.LocalContainerEntityManagerFactoryBean - Initialized JPA EntityManagerFactory for persistence unit 'default'
2025-01-16T00:05:10.982+0530 [main] INFO  o.s.d.j.r.query.QueryEnhancerFactory - Hibernate is in classpath; If applicable, HQL parser will be used.
2025-01-16T00:05:11.105+0530 [main] WARN  o.s.b.a.o.j.JpaBaseConfiguration$JpaWebConfiguration - spring.jpa.open-in-view is enabled by default. Therefore, database queries may be performed during view rendering. Explicitly configure spring.jpa.open-in-view to disable this warning
2025-01-16T00:05:11.266+0530 [main] INFO  o.s.c.o.FeignClientFactoryBean - For 'QUESTION-SERVICE' URL not provided. Will try picking an instance via load-balancing.
2025-01-16T00:05:11.861+0530 [main] INFO  o.s.c.n.e.c.DiscoveryClientOptionalArgsConfiguration - Eureka HTTP Client uses RestTemplate.
2025-01-16T00:05:11.889+0530 [main] WARN  o.s.c.l.c.LoadBalancerCacheAutoConfiguration$LoadBalancerCaffeineWarnLogger - Spring Cloud LoadBalancer is currently working with the default cache. While this cache implementation is useful for development and tests, it's recommended to use Caffeine cache in production.You can switch to using Caffeine cache, by adding it and org.springframework.cache.caffeine.CaffeineCacheManager to the classpath.
2025-01-16T00:05:11.955+0530 [main] INFO  o.s.c.n.eureka.InstanceInfoFactory - Setting initial instance status as: STARTING
2025-01-16T00:05:11.983+0530 [main] INFO  c.netflix.discovery.DiscoveryClient - Initializing Eureka in region us-east-1
2025-01-16T00:05:11.983+0530 [main] INFO  c.netflix.discovery.DiscoveryClient - Client configured to neither register nor query for data.
2025-01-16T00:05:11.991+0530 [main] INFO  c.netflix.discovery.DiscoveryClient - Discovery Client initialized at timestamp 1736966111990 with initial instances count: 0
2025-01-16T00:05:11.997+0530 [main] INFO  o.s.c.n.e.s.EurekaServiceRegistry - Registering application CONTRIBUTE-SERVICE with eureka with status UP
2025-01-16T00:05:11.999+0530 [main] INFO  o.a.coyote.http11.Http11NioProtocol - Starting ProtocolHandler ["http-nio-8080"]
2025-01-16T00:05:12.005+0530 [main] INFO  o.s.c.n.e.s.EurekaServiceRegistry - Unregistering application CONTRIBUTE-SERVICE with eureka with status DOWN
2025-01-16T00:05:12.005+0530 [main] WARN  o.s.b.w.s.c.AnnotationConfigServletWebServerApplicationContext - Exception encountered during context initialization - cancelling refresh attempt: org.springframework.context.ApplicationContextException: Failed to start bean 'webServerStartStop'
2025-01-16T00:05:12.009+0530 [main] INFO  o.s.o.j.LocalContainerEntityManagerFactoryBean - Closing JPA EntityManagerFactory for persistence unit 'default'
2025-01-16T00:05:12.011+0530 [main] INFO  com.zaxxer.hikari.HikariDataSource - HikariPool-1 - Shutdown initiated...
2025-01-16T00:05:12.018+0530 [main] INFO  com.zaxxer.hikari.HikariDataSource - HikariPool-1 - Shutdown completed.
2025-01-16T00:05:12.019+0530 [main] INFO  c.netflix.discovery.DiscoveryClient - Shutting down DiscoveryClient ...
2025-01-16T00:05:12.028+0530 [main] INFO  c.netflix.discovery.DiscoveryClient - Completed shut down of DiscoveryClient
2025-01-16T00:05:12.029+0530 [main] INFO  o.a.catalina.core.StandardService - Stopping service [Tomcat]
2025-01-16T00:05:12.042+0530 [main] INFO  o.s.b.a.l.ConditionEvaluationReportLogger - 

Error starting ApplicationContext. To display the condition evaluation report re-run your application with 'debug' enabled.
2025-01-16T00:05:12.062+0530 [main] ERROR o.s.b.d.LoggingFailureAnalysisReporter - 

***************************
APPLICATION FAILED TO START
***************************

Description:

Web server failed to start. Port 8080 was already in use.

Action:

Identify and stop the process that's listening on port 8080 or configure this application to listen on another port.

2025-01-16T00:12:27.452+0530 [main] INFO  o.s.c.c.c.ConfigServicePropertySourceLocator - Fetching config from server at : http://localhost:9296
2025-01-16T00:12:27.533+0530 [main] INFO  o.s.c.c.c.ConfigServicePropertySourceLocator - Exception on Url - http://localhost:9296:org.springframework.web.client.ResourceAccessException: I/O error on GET request for "http://localhost:9296/contribute-service/default": Connection refused. Will be trying the next url if available
2025-01-16T00:12:27.533+0530 [main] WARN  o.s.c.c.c.ConfigServicePropertySourceLocator - Could not locate PropertySource: I/O error on GET request for "http://localhost:9296/contribute-service/default": Connection refused
2025-01-16T00:12:27.536+0530 [main] INFO  c.e.c.ContributeServiceApplication - No active profile set, falling back to 1 default profile: "default"
2025-01-16T00:12:28.075+0530 [main] INFO  o.s.d.r.c.RepositoryConfigurationDelegate - Bootstrapping Spring Data JPA repositories in DEFAULT mode.
2025-01-16T00:12:28.183+0530 [main] INFO  o.s.d.r.c.RepositoryConfigurationDelegate - Finished Spring Data repository scanning in 101 ms. Found 2 JPA repository interfaces.
2025-01-16T00:12:28.419+0530 [main] INFO  o.s.cloud.context.scope.GenericScope - BeanFactory id=b5506199-2b5e-3323-a8d1-b8de2df7f7bd
2025-01-16T00:12:28.543+0530 [main] WARN  o.s.c.s.PostProcessorRegistrationDelegate$BeanPostProcessorChecker - Bean 'org.springframework.cloud.client.loadbalancer.LoadBalancerAutoConfiguration$DeferringLoadBalancerInterceptorConfig' of type [org.springframework.cloud.client.loadbalancer.LoadBalancerAutoConfiguration$DeferringLoadBalancerInterceptorConfig] is not eligible for getting processed by all BeanPostProcessors (for example: not eligible for auto-proxying). The currently created BeanPostProcessor [lbRestClientPostProcessor] is declared through a non-static factory method on that class; consider declaring it as static instead.
2025-01-16T00:12:28.545+0530 [main] WARN  o.s.c.s.PostProcessorRegistrationDelegate$BeanPostProcessorChecker - Bean 'deferringLoadBalancerInterceptor' of type [org.springframework.cloud.client.loadbalancer.DeferringLoadBalancerInterceptor] is not eligible for getting processed by all BeanPostProcessors (for example: not eligible for auto-proxying). Is this bean getting eagerly injected into a currently created BeanPostProcessor [lbRestClientPostProcessor]? Check the corresponding BeanPostProcessor declaration and its dependencies.
2025-01-16T00:12:28.753+0530 [main] INFO  o.s.b.w.e.tomcat.TomcatWebServer - Tomcat initialized with port 8082 (http)
2025-01-16T00:12:28.762+0530 [main] INFO  o.a.coyote.http11.Http11NioProtocol - Initializing ProtocolHandler ["http-nio-8082"]
2025-01-16T00:12:28.764+0530 [main] INFO  o.a.catalina.core.StandardService - Starting service [Tomcat]
2025-01-16T00:12:28.764+0530 [main] INFO  o.a.catalina.core.StandardEngine - Starting Servlet engine: [Apache Tomcat/10.1.19]
2025-01-16T00:12:28.835+0530 [main] INFO  o.a.c.c.C.[Tomcat].[localhost].[/] - Initializing Spring embedded WebApplicationContext
2025-01-16T00:12:28.835+0530 [main] INFO  o.s.b.w.s.c.ServletWebServerApplicationContext - Root WebApplicationContext: initialization completed in 1285 ms
2025-01-16T00:12:28.990+0530 [main] INFO  o.h.jpa.internal.util.LogHelper - HHH000204: Processing PersistenceUnitInfo [name: default]
2025-01-16T00:12:29.051+0530 [main] INFO  org.hibernate.Version - HHH000412: Hibernate ORM core version 6.4.4.Final
2025-01-16T00:12:29.082+0530 [main] INFO  o.h.c.i.RegionFactoryInitiator - HHH000026: Second-level cache disabled
2025-01-16T00:12:29.295+0530 [main] INFO  o.s.o.j.p.SpringPersistenceUnitInfo - No LoadTimeWeaver setup: ignoring JPA class transformer
2025-01-16T00:12:29.324+0530 [main] INFO  com.zaxxer.hikari.HikariDataSource - HikariPool-1 - Starting...
2025-01-16T00:12:29.688+0530 [main] INFO  com.zaxxer.hikari.pool.HikariPool - HikariPool-1 - Added connection com.mysql.cj.jdbc.ConnectionImpl@b340615
2025-01-16T00:12:29.691+0530 [main] INFO  com.zaxxer.hikari.HikariDataSource - HikariPool-1 - Start completed.
2025-01-16T00:12:29.755+0530 [main] WARN  org.hibernate.orm.deprecation - HHH90000025: MySQLDialect does not need to be specified explicitly using 'hibernate.dialect' (remove the property setting and it will be selected by default)
2025-01-16T00:12:30.495+0530 [main] INFO  o.h.m.i.EntityInstantiatorPojoStandard - HHH000182: No default (no-argument) constructor for class: com.example.contributeservice.model.Question (class must be instantiated by Interceptor)
2025-01-16T00:12:30.674+0530 [main] INFO  o.h.e.t.j.p.i.JtaPlatformInitiator - HHH000489: No JTA platform available (set 'hibernate.transaction.jta.platform' to enable JTA platform integration)
2025-01-16T00:12:30.729+0530 [main] INFO  o.s.o.j.LocalContainerEntityManagerFactoryBean - Initialized JPA EntityManagerFactory for persistence unit 'default'
2025-01-16T00:12:31.022+0530 [main] INFO  o.s.d.j.r.query.QueryEnhancerFactory - Hibernate is in classpath; If applicable, HQL parser will be used.
2025-01-16T00:12:31.130+0530 [main] WARN  o.s.b.a.o.j.JpaBaseConfiguration$JpaWebConfiguration - spring.jpa.open-in-view is enabled by default. Therefore, database queries may be performed during view rendering. Explicitly configure spring.jpa.open-in-view to disable this warning
2025-01-16T00:12:32.176+0530 [main] INFO  o.s.cloud.commons.util.InetUtils - Cannot determine local hostname
2025-01-16T00:12:32.235+0530 [main] INFO  o.s.c.o.FeignClientFactoryBean - For 'QUESTION-SERVICE' URL not provided. Will try picking an instance via load-balancing.
2025-01-16T00:12:33.648+0530 [main] INFO  o.s.cloud.commons.util.InetUtils - Cannot determine local hostname
2025-01-16T00:12:33.684+0530 [main] INFO  o.s.c.n.e.c.DiscoveryClientOptionalArgsConfiguration - Eureka HTTP Client uses RestTemplate.
2025-01-16T00:12:33.709+0530 [main] WARN  o.s.c.l.c.LoadBalancerCacheAutoConfiguration$LoadBalancerCaffeineWarnLogger - Spring Cloud LoadBalancer is currently working with the default cache. While this cache implementation is useful for development and tests, it's recommended to use Caffeine cache in production.You can switch to using Caffeine cache, by adding it and org.springframework.cache.caffeine.CaffeineCacheManager to the classpath.
2025-01-16T00:12:33.767+0530 [main] INFO  o.s.c.n.eureka.InstanceInfoFactory - Setting initial instance status as: STARTING
2025-01-16T00:12:33.793+0530 [main] INFO  c.netflix.discovery.DiscoveryClient - Initializing Eureka in region us-east-1
2025-01-16T00:12:33.793+0530 [main] INFO  c.netflix.discovery.DiscoveryClient - Client configured to neither register nor query for data.
2025-01-16T00:12:33.801+0530 [main] INFO  c.netflix.discovery.DiscoveryClient - Discovery Client initialized at timestamp 1736966553800 with initial instances count: 0
2025-01-16T00:12:33.806+0530 [main] INFO  o.s.c.n.e.s.EurekaServiceRegistry - Registering application CONTRIBUTE-SERVICE with eureka with status UP
2025-01-16T00:12:33.808+0530 [main] INFO  o.a.coyote.http11.Http11NioProtocol - Starting ProtocolHandler ["http-nio-8082"]
2025-01-16T00:12:33.822+0530 [main] INFO  o.s.b.w.e.tomcat.TomcatWebServer - Tomcat started on port 8082 (http) with context path ''
2025-01-16T00:12:33.823+0530 [main] INFO  o.s.c.n.e.s.EurekaAutoServiceRegistration - Updating port to 8082
2025-01-16T00:12:34.824+0530 [main] INFO  o.s.cloud.commons.util.InetUtils - Cannot determine local hostname
2025-01-16T00:12:34.833+0530 [main] INFO  c.e.c.ContributeServiceApplication - Started ContributeServiceApplication in 8.34 seconds (process running for 9.135)
