2025-01-16T00:38:34.253+0530 [main] INFO  c.e.q.QuestionServiceApplication - start of execution
2025-01-16T00:38:35.298+0530 [main] INFO  o.s.c.c.c.ConfigServicePropertySourceLocator - Fetching config from server at : http://localhost:9296
2025-01-16T00:38:36.661+0530 [main] INFO  o.s.c.c.c.ConfigServicePropertySourceLocator - Located environment: name=question-service, profiles=[default], label=null, version=541caaf63ef84990b1f2d230fa8bf176fa3fbf68, state=null
2025-01-16T00:38:36.662+0530 [main] INFO  o.s.c.b.c.PropertySourceBootstrapConfiguration - Located property source: [BootstrapPropertySource {name='bootstrapProperties-configClient'}, BootstrapPropertySource {name='bootstrapProperties-https://github.com/nikki00011/config-server/application.yml'}]
2025-01-16T00:38:36.668+0530 [main] INFO  c.e.q.QuestionServiceApplication - No active profile set, falling back to 1 default profile: "default"
2025-01-16T00:38:37.138+0530 [main] INFO  o.s.d.r.c.RepositoryConfigurationDelegate - Bootstrapping Spring Data JPA repositories in DEFAULT mode.
2025-01-16T00:38:37.255+0530 [main] INFO  o.s.d.r.c.RepositoryConfigurationDelegate - Finished Spring Data repository scanning in 110 ms. Found 1 JPA repository interface.
2025-01-16T00:38:37.503+0530 [main] INFO  o.s.cloud.context.scope.GenericScope - BeanFactory id=0be36586-f5bd-300f-94df-2ba1e6d8545a
2025-01-16T00:38:37.810+0530 [main] INFO  o.s.b.w.e.tomcat.TomcatWebServer - Tomcat initialized with port(s): 9290 (http)
2025-01-16T00:38:37.821+0530 [main] INFO  o.a.coyote.http11.Http11NioProtocol - Initializing ProtocolHandler ["http-nio-9290"]
2025-01-16T00:38:37.824+0530 [main] INFO  o.a.catalina.core.StandardService - Starting service [Tomcat]
2025-01-16T00:38:37.825+0530 [main] INFO  o.a.catalina.core.StandardEngine - Starting Servlet engine: [Apache Tomcat/10.1.19]
2025-01-16T00:38:37.931+0530 [main] INFO  o.a.c.c.C.[Tomcat].[localhost].[/] - Initializing Spring embedded WebApplicationContext
2025-01-16T00:38:37.931+0530 [main] INFO  o.s.b.w.s.c.ServletWebServerApplicationContext - Root WebApplicationContext: initialization completed in 1251 ms
2025-01-16T00:38:38.109+0530 [main] INFO  o.h.jpa.internal.util.LogHelper - HHH000204: Processing PersistenceUnitInfo [name: default]
2025-01-16T00:38:38.151+0530 [main] INFO  org.hibernate.Version - HHH000412: Hibernate ORM core version 6.2.22.Final
2025-01-16T00:38:38.154+0530 [main] INFO  org.hibernate.cfg.Environment - HHH000406: Using bytecode reflection optimizer
2025-01-16T00:38:38.385+0530 [main] INFO  o.s.o.j.p.SpringPersistenceUnitInfo - No LoadTimeWeaver setup: ignoring JPA class transformer
2025-01-16T00:38:38.408+0530 [main] INFO  com.zaxxer.hikari.HikariDataSource - HikariPool-1 - Starting...
2025-01-16T00:38:38.744+0530 [main] INFO  com.zaxxer.hikari.pool.HikariPool - HikariPool-1 - Added connection com.mysql.cj.jdbc.ConnectionImpl@72b10258
2025-01-16T00:38:38.746+0530 [main] INFO  com.zaxxer.hikari.HikariDataSource - HikariPool-1 - Start completed.
2025-01-16T00:38:38.794+0530 [main] WARN  org.hibernate.orm.deprecation - HHH90000025: MySQLDialect does not need to be specified explicitly using 'hibernate.dialect' (remove the property setting and it will be selected by default)
2025-01-16T00:38:39.601+0530 [main] INFO  o.h.e.t.j.p.i.JtaPlatformInitiator - HHH000489: No JTA platform available (set 'hibernate.transaction.jta.platform' to enable JTA platform integration)
2025-01-16T00:38:39.642+0530 [main] INFO  o.s.o.j.LocalContainerEntityManagerFactoryBean - Initialized JPA EntityManagerFactory for persistence unit 'default'
2025-01-16T00:38:39.871+0530 [main] INFO  o.s.d.j.r.query.QueryEnhancerFactory - Hibernate is in classpath; If applicable, HQL parser will be used.
2025-01-16T00:38:39.965+0530 [main] WARN  o.s.b.a.o.j.JpaBaseConfiguration$JpaWebConfiguration - spring.jpa.open-in-view is enabled by default. Therefore, database queries may be performed during view rendering. Explicitly configure spring.jpa.open-in-view to disable this warning
2025-01-16T00:38:40.516+0530 [main] INFO  o.s.c.n.e.c.DiscoveryClientOptionalArgsConfiguration - Eureka HTTP Client uses RestTemplate.
2025-01-16T00:38:40.745+0530 [main] WARN  o.s.c.l.c.LoadBalancerCacheAutoConfiguration$LoadBalancerCaffeineWarnLogger - Spring Cloud LoadBalancer is currently working with the default cache. While this cache implementation is useful for development and tests, it's recommended to use Caffeine cache in production.You can switch to using Caffeine cache, by adding it and org.springframework.cache.caffeine.CaffeineCacheManager to the classpath.
2025-01-16T00:38:40.802+0530 [main] INFO  o.s.c.n.eureka.InstanceInfoFactory - Setting initial instance status as: STARTING
2025-01-16T00:38:40.844+0530 [main] INFO  c.netflix.discovery.DiscoveryClient - Initializing Eureka in region us-east-1
2025-01-16T00:38:40.850+0530 [main] INFO  c.n.d.s.r.aws.ConfigClusterResolver - Resolving eureka endpoints via configuration
2025-01-16T00:38:40.872+0530 [main] INFO  c.netflix.discovery.DiscoveryClient - Disable delta property : false
2025-01-16T00:38:40.872+0530 [main] INFO  c.netflix.discovery.DiscoveryClient - Single vip registry refresh property : null
2025-01-16T00:38:40.872+0530 [main] INFO  c.netflix.discovery.DiscoveryClient - Force full registry fetch : false
2025-01-16T00:38:40.872+0530 [main] INFO  c.netflix.discovery.DiscoveryClient - Application is null : false
2025-01-16T00:38:40.873+0530 [main] INFO  c.netflix.discovery.DiscoveryClient - Registered Applications size is zero : true
2025-01-16T00:38:40.873+0530 [main] INFO  c.netflix.discovery.DiscoveryClient - Application version is -1: true
2025-01-16T00:38:40.873+0530 [main] INFO  c.netflix.discovery.DiscoveryClient - Getting all instance registry info from the eureka server
2025-01-16T00:38:41.087+0530 [main] INFO  c.netflix.discovery.DiscoveryClient - The response status is 200
2025-01-16T00:38:41.089+0530 [main] INFO  c.netflix.discovery.DiscoveryClient - Starting heartbeat executor: renew interval is: 30
2025-01-16T00:38:41.101+0530 [main] INFO  c.n.discovery.InstanceInfoReplicator - InstanceInfoReplicator onDemand update allowed rate per min is 4
2025-01-16T00:38:41.106+0530 [main] INFO  c.netflix.discovery.DiscoveryClient - Discovery Client initialized at timestamp 1736968121105 with initial instances count: 0
2025-01-16T00:38:41.109+0530 [main] INFO  o.s.c.n.e.s.EurekaServiceRegistry - Registering application QUESTION-SERVICE with eureka with status UP
2025-01-16T00:38:41.110+0530 [main] INFO  c.netflix.discovery.DiscoveryClient - Saw local status change event StatusChangeEvent [timestamp=1736968121110, current=UP, previous=STARTING]
2025-01-16T00:38:41.112+0530 [main] INFO  o.a.coyote.http11.Http11NioProtocol - Starting ProtocolHandler ["http-nio-9290"]
2025-01-16T00:38:41.112+0530 [DiscoveryClient-InstanceInfoReplicator-0] INFO  c.netflix.discovery.DiscoveryClient - DiscoveryClient_QUESTION-SERVICE/172.16.233.116:question-service:9290: registering service...
2025-01-16T00:38:41.128+0530 [main] INFO  o.s.b.w.e.tomcat.TomcatWebServer - Tomcat started on port(s): 9290 (http) with context path ''
2025-01-16T00:38:41.128+0530 [main] INFO  o.s.c.n.e.s.EurekaAutoServiceRegistration - Updating port to 9290
2025-01-16T00:38:41.152+0530 [DiscoveryClient-InstanceInfoReplicator-0] INFO  c.netflix.discovery.DiscoveryClient - DiscoveryClient_QUESTION-SERVICE/172.16.233.116:question-service:9290 - registration status: 204
2025-01-16T00:38:41.160+0530 [main] INFO  c.e.q.QuestionServiceApplication - Started QuestionServiceApplication in 6.814 seconds (process running for 7.919)
2025-01-16T00:39:11.099+0530 [DiscoveryClient-CacheRefreshExecutor-0] INFO  c.netflix.discovery.DiscoveryClient - Disable delta property : false
2025-01-16T00:39:11.099+0530 [DiscoveryClient-CacheRefreshExecutor-0] INFO  c.netflix.discovery.DiscoveryClient - Single vip registry refresh property : null
2025-01-16T00:39:11.099+0530 [DiscoveryClient-CacheRefreshExecutor-0] INFO  c.netflix.discovery.DiscoveryClient - Force full registry fetch : false
2025-01-16T00:39:11.099+0530 [DiscoveryClient-CacheRefreshExecutor-0] INFO  c.netflix.discovery.DiscoveryClient - Application is null : false
2025-01-16T00:39:11.099+0530 [DiscoveryClient-CacheRefreshExecutor-0] INFO  c.netflix.discovery.DiscoveryClient - Registered Applications size is zero : true
2025-01-16T00:39:11.100+0530 [DiscoveryClient-CacheRefreshExecutor-0] INFO  c.netflix.discovery.DiscoveryClient - Application version is -1: false
2025-01-16T00:39:11.100+0530 [DiscoveryClient-CacheRefreshExecutor-0] INFO  c.netflix.discovery.DiscoveryClient - Getting all instance registry info from the eureka server
2025-01-16T00:39:11.149+0530 [DiscoveryClient-CacheRefreshExecutor-0] INFO  c.netflix.discovery.DiscoveryClient - The response status is 200
2025-01-16T00:43:40.875+0530 [AsyncResolver-bootstrap-executor-0] INFO  c.n.d.s.r.aws.ConfigClusterResolver - Resolving eureka endpoints via configuration
2025-01-16T00:48:40.876+0530 [AsyncResolver-bootstrap-executor-0] INFO  c.n.d.s.r.aws.ConfigClusterResolver - Resolving eureka endpoints via configuration
2025-01-16T00:53:40.877+0530 [AsyncResolver-bootstrap-executor-0] INFO  c.n.d.s.r.aws.ConfigClusterResolver - Resolving eureka endpoints via configuration
2025-01-16T00:58:40.877+0530 [AsyncResolver-bootstrap-executor-0] INFO  c.n.d.s.r.aws.ConfigClusterResolver - Resolving eureka endpoints via configuration
2025-01-16T01:03:40.879+0530 [AsyncResolver-bootstrap-executor-0] INFO  c.n.d.s.r.aws.ConfigClusterResolver - Resolving eureka endpoints via configuration
